build/app/intermediates/manifest_merge_blame_file/release/manifest-merger-blame-release-report.txt
1<?xml version="1.0" encoding="utf-8"?>
2<manifest xmlns:android="http://schemas.android.com/apk/res/android"
3    package="com.enr.Universal_Library"
4    android:versionCode="1"
5    android:versionName="1.0.0" >
6
7    <uses-sdk
8        android:minSdkVersion="21"
8-->src\main\AndroidManifest.xml
9        android:targetSdkVersion="28" />
9-->src\main\AndroidManifest.xml
10
11    <uses-permission android:name="android.permission.ACCESS_NETWORK_STATE" />
11-->[:firebase_analytics] AndroidManifest.xml:7:5-79
11-->[:firebase_analytics] AndroidManifest.xml:7:22-76
12    <uses-permission android:name="android.permission.INTERNET" />
12-->[:firebase_analytics] AndroidManifest.xml:8:5-67
12-->[:firebase_analytics] AndroidManifest.xml:8:22-64
13    <uses-permission android:name="android.permission.WAKE_LOCK" />
13-->[:firebase_analytics] AndroidManifest.xml:9:5-68
13-->[:firebase_analytics] AndroidManifest.xml:9:22-65
14    <uses-permission android:name="android.permission.ACCESS_FINE_LOCATION" />
14-->[:geolocator] AndroidManifest.xml:7:5-79
14-->[:geolocator] AndroidManifest.xml:7:22-76
15    <uses-permission android:name="android.permission.ACCESS_WIFI_STATE" />
15-->[:connectivity] AndroidManifest.xml:8:5-76
15-->[:connectivity] AndroidManifest.xml:8:22-73
16    <uses-permission android:name="com.google.android.finsky.permission.BIND_GET_INSTALL_REFERRER_SERVICE" /> <!-- Required by older versions of Google Play services to create IID tokens -->
16-->[com.google.android.gms:play-services-measurement:17.2.2] AndroidManifest.xml:26:5-110
16-->[com.google.android.gms:play-services-measurement:17.2.2] AndroidManifest.xml:26:22-107
17    <uses-permission android:name="com.google.android.c2dm.permission.RECEIVE" />
17-->[com.google.firebase:firebase-iid:20.0.2] AndroidManifest.xml:26:5-82
17-->[com.google.firebase:firebase-iid:20.0.2] AndroidManifest.xml:26:22-79
18    <!--
19 io.flutter.app.FlutterApplication is an android.app.Application that
20         calls FlutterMain.startInitialization(this); in its onCreate method.
21         In most cases you can leave this as-is, but you if you want to provide
22         additional functionality it is fine to subclass or reimplement
23         FlutterApplication and put your custom class here.
24    -->
25    <application
25-->src\main\AndroidManifest.xml:8:5-29:19
26        android:name="io.flutter.app.FlutterApplication"
26-->src\main\AndroidManifest.xml:9:9-57
27        android:appComponentFactory="androidx.core.app.CoreComponentFactory"
27-->[androidx.core:core:1.2.0] AndroidManifest.xml:24:18-86
28        android:icon="@mipmap/ic_launcher"
28-->src\main\AndroidManifest.xml:11:9-43
29        android:label="enr_library"
29-->src\main\AndroidManifest.xml:10:9-36
30        android:supportsRtl="true" >
30-->[com.facebook.android:facebook-android-sdk:5.5.1] AndroidManifest.xml:28:18-44
31        <activity
31-->src\main\AndroidManifest.xml:12:9-23:20
32            android:name="com.example.enr_library.MainActivity"
32-->src\main\AndroidManifest.xml:13:13-41
33            android:configChanges="orientation|keyboardHidden|keyboard|screenSize|smallestScreenSize|locale|layoutDirection|fontScale|screenLayout|density|uiMode"
33-->src\main\AndroidManifest.xml:16:13-163
34            android:hardwareAccelerated="true"
34-->src\main\AndroidManifest.xml:17:13-47
35            android:launchMode="singleTop"
35-->src\main\AndroidManifest.xml:14:13-43
36            android:theme="@style/LaunchTheme"
36-->src\main\AndroidManifest.xml:15:13-47
37            android:windowSoftInputMode="adjustResize" >
37-->src\main\AndroidManifest.xml:18:13-55
38            <intent-filter>
38-->src\main\AndroidManifest.xml:19:13-22:29
39                <action android:name="android.intent.action.MAIN" />
39-->src\main\AndroidManifest.xml:20:17-68
39-->src\main\AndroidManifest.xml:20:25-66
40
41                <category android:name="android.intent.category.LAUNCHER" />
41-->src\main\AndroidManifest.xml:21:17-76
41-->src\main\AndroidManifest.xml:21:27-74
42            </intent-filter>
43        </activity>
44        <!--
45             Don't delete the meta-data below.
46             This is used by the Flutter tool to generate GeneratedPluginRegistrant.java
47        -->
48        <meta-data
48-->src\main\AndroidManifest.xml:26:9-28:33
49            android:name="flutterEmbedding"
49-->src\main\AndroidManifest.xml:27:13-44
50            android:value="2" />
50-->src\main\AndroidManifest.xml:28:13-30
51
52        <service
52-->[:firebase_analytics] AndroidManifest.xml:12:9-16:19
53            android:name="com.google.firebase.components.ComponentDiscoveryService"
53-->[:firebase_analytics] AndroidManifest.xml:12:18-89
54            android:directBootAware="true"
54-->[com.google.firebase:firebase-common:19.3.0] AndroidManifest.xml:34:13-43
55            android:exported="false" >
55-->[com.google.firebase:firebase-auth:19.3.1] AndroidManifest.xml:35:13-37
56            <meta-data
56-->[:firebase_analytics] AndroidManifest.xml:13:13-15:85
57                android:name="com.google.firebase.components:io.flutter.plugins.firebaseanalytics.FlutterFirebaseAppRegistrar"
57-->[:firebase_analytics] AndroidManifest.xml:14:17-127
58                android:value="com.google.firebase.components.ComponentRegistrar" />
58-->[:firebase_analytics] AndroidManifest.xml:15:17-82
59            <meta-data
59-->[:firebase_auth] AndroidManifest.xml:9:13-11:85
60                android:name="com.google.firebase.components:io.flutter.plugins.firebaseauth.FlutterFirebaseAppRegistrar"
60-->[:firebase_auth] AndroidManifest.xml:10:17-122
61                android:value="com.google.firebase.components.ComponentRegistrar" />
61-->[:firebase_auth] AndroidManifest.xml:11:17-82
62            <meta-data
62-->[com.google.firebase:firebase-auth:19.3.1] AndroidManifest.xml:36:13-38:85
63                android:name="com.google.firebase.components:com.google.firebase.auth.FirebaseAuthRegistrar"
63-->[com.google.firebase:firebase-auth:19.3.1] AndroidManifest.xml:37:17-109
64                android:value="com.google.firebase.components.ComponentRegistrar" />
64-->[com.google.firebase:firebase-auth:19.3.1] AndroidManifest.xml:38:17-82
65            <meta-data
65-->[:cloud_firestore] AndroidManifest.xml:9:13-11:85
66                android:name="com.google.firebase.components:io.flutter.plugins.firebase.cloudfirestore.FlutterFirebaseAppRegistrar"
66-->[:cloud_firestore] AndroidManifest.xml:10:17-133
67                android:value="com.google.firebase.components.ComponentRegistrar" />
67-->[:cloud_firestore] AndroidManifest.xml:11:17-82
68            <meta-data
68-->[:firebase_remote_config] AndroidManifest.xml:9:13-11:85
69                android:name="com.google.firebase.components:io.flutter.plugins.firebase.firebaseremoteconfig.FlutterFirebaseAppRegistrar"
69-->[:firebase_remote_config] AndroidManifest.xml:10:17-139
70                android:value="com.google.firebase.components.ComponentRegistrar" />
70-->[:firebase_remote_config] AndroidManifest.xml:11:17-82
71            <meta-data
71-->[:firebase_database] AndroidManifest.xml:9:13-11:85
72                android:name="com.google.firebase.components:io.flutter.plugins.firebase.database.FlutterFirebaseAppRegistrar"
72-->[:firebase_database] AndroidManifest.xml:10:17-127
73                android:value="com.google.firebase.components.ComponentRegistrar" />
73-->[:firebase_database] AndroidManifest.xml:11:17-82
74            <meta-data
74-->[:firebase_storage] AndroidManifest.xml:9:13-11:85
75                android:name="com.google.firebase.components:io.flutter.plugins.firebase.storage.FlutterFirebaseAppRegistrar"
75-->[:firebase_storage] AndroidManifest.xml:10:17-126
76                android:value="com.google.firebase.components.ComponentRegistrar" />
76-->[:firebase_storage] AndroidManifest.xml:11:17-82
77            <meta-data
77-->[:firebase_core] AndroidManifest.xml:9:13-11:85
78                android:name="com.google.firebase.components:io.flutter.plugins.firebase.core.FlutterFirebaseAppRegistrar"
78-->[:firebase_core] AndroidManifest.xml:10:17-123
79                android:value="com.google.firebase.components.ComponentRegistrar" />
79-->[:firebase_core] AndroidManifest.xml:11:17-82
80            <meta-data
80-->[com.google.android.gms:play-services-measurement-api:17.2.2] AndroidManifest.xml:30:13-32:85
81                android:name="com.google.firebase.components:com.google.firebase.analytics.connector.internal.AnalyticsConnectorRegistrar"
81-->[com.google.android.gms:play-services-measurement-api:17.2.2] AndroidManifest.xml:31:17-139
82                android:value="com.google.firebase.components.ComponentRegistrar" />
82-->[com.google.android.gms:play-services-measurement-api:17.2.2] AndroidManifest.xml:32:17-82
83            <meta-data
83-->[com.google.firebase:firebase-firestore:21.3.0] AndroidManifest.xml:20:13-22:85
84                android:name="com.google.firebase.components:com.google.firebase.firestore.FirestoreRegistrar"
84-->[com.google.firebase:firebase-firestore:21.3.0] AndroidManifest.xml:21:17-111
85                android:value="com.google.firebase.components.ComponentRegistrar" />
85-->[com.google.firebase:firebase-firestore:21.3.0] AndroidManifest.xml:22:17-82
86            <meta-data
86-->[com.google.firebase:firebase-database:17.0.0] AndroidManifest.xml:30:13-32:85
87                android:name="com.google.firebase.components:com.google.firebase.database.DatabaseRegistrar"
87-->[com.google.firebase:firebase-database:17.0.0] AndroidManifest.xml:31:17-109
88                android:value="com.google.firebase.components.ComponentRegistrar" />
88-->[com.google.firebase:firebase-database:17.0.0] AndroidManifest.xml:32:17-82
89            <meta-data
89-->[com.google.firebase:firebase-storage:17.0.0] AndroidManifest.xml:31:13-33:85
90                android:name="com.google.firebase.components:com.google.firebase.storage.StorageRegistrar"
90-->[com.google.firebase:firebase-storage:17.0.0] AndroidManifest.xml:32:17-107
91                android:value="com.google.firebase.components.ComponentRegistrar" />
91-->[com.google.firebase:firebase-storage:17.0.0] AndroidManifest.xml:33:17-82
92            <meta-data
92-->[com.google.firebase:firebase-config:19.0.3] AndroidManifest.xml:32:13-34:85
93                android:name="com.google.firebase.components:com.google.firebase.remoteconfig.RemoteConfigRegistrar"
93-->[com.google.firebase:firebase-config:19.0.3] AndroidManifest.xml:33:17-117
94                android:value="com.google.firebase.components.ComponentRegistrar" />
94-->[com.google.firebase:firebase-config:19.0.3] AndroidManifest.xml:34:17-82
95            <meta-data
95-->[com.google.firebase:firebase-iid:20.0.2] AndroidManifest.xml:32:13-34:85
96                android:name="com.google.firebase.components:com.google.firebase.iid.Registrar"
96-->[com.google.firebase:firebase-iid:20.0.2] AndroidManifest.xml:33:17-96
97                android:value="com.google.firebase.components.ComponentRegistrar" />
97-->[com.google.firebase:firebase-iid:20.0.2] AndroidManifest.xml:34:17-82
98            <meta-data
98-->[com.google.firebase:firebase-abt:19.0.0] AndroidManifest.xml:13:13-15:85
99                android:name="com.google.firebase.components:com.google.firebase.abt.component.AbtRegistrar"
99-->[com.google.firebase:firebase-abt:19.0.0] AndroidManifest.xml:14:17-109
100                android:value="com.google.firebase.components.ComponentRegistrar" />
100-->[com.google.firebase:firebase-abt:19.0.0] AndroidManifest.xml:15:17-82
101        </service>
102
103        <meta-data
103-->[com.firebaseui:firebase-ui-auth:4.3.1] AndroidManifest.xml:16:9-18:69
104            android:name="com.google.android.gms.version"
104-->[com.firebaseui:firebase-ui-auth:4.3.1] AndroidManifest.xml:17:13-58
105            android:value="@integer/google_play_services_version" />
105-->[com.firebaseui:firebase-ui-auth:4.3.1] AndroidManifest.xml:18:13-66
106        <meta-data
106-->[com.firebaseui:firebase-ui-auth:4.3.1] AndroidManifest.xml:19:9-21:63
107            android:name="com.facebook.sdk.ApplicationId"
107-->[com.firebaseui:firebase-ui-auth:4.3.1] AndroidManifest.xml:20:13-58
108            android:value="@string/facebook_application_id" />
108-->[com.firebaseui:firebase-ui-auth:4.3.1] AndroidManifest.xml:21:13-60
109
110        <activity
110-->[com.firebaseui:firebase-ui-auth:4.3.1] AndroidManifest.xml:23:9-27:61
111            android:name="com.firebase.ui.auth.KickoffActivity"
111-->[com.firebaseui:firebase-ui-auth:4.3.1] AndroidManifest.xml:24:13-64
112            android:exported="false"
112-->[com.firebaseui:firebase-ui-auth:4.3.1] AndroidManifest.xml:25:13-37
113            android:label=""
113-->[com.firebaseui:firebase-ui-auth:4.3.1] AndroidManifest.xml:26:13-29
114            android:theme="@style/FirebaseUI.Transparent" />
114-->[com.firebaseui:firebase-ui-auth:4.3.1] AndroidManifest.xml:27:13-58
115        <activity
115-->[com.firebaseui:firebase-ui-auth:4.3.1] AndroidManifest.xml:28:9-32:61
116            android:name="com.firebase.ui.auth.ui.idp.SingleSignInActivity"
116-->[com.firebaseui:firebase-ui-auth:4.3.1] AndroidManifest.xml:29:13-76
117            android:exported="false"
117-->[com.firebaseui:firebase-ui-auth:4.3.1] AndroidManifest.xml:30:13-37
118            android:label=""
118-->[com.firebaseui:firebase-ui-auth:4.3.1] AndroidManifest.xml:31:13-29
119            android:theme="@style/FirebaseUI.Transparent" />
119-->[com.firebaseui:firebase-ui-auth:4.3.1] AndroidManifest.xml:32:13-58
120        <activity
120-->[com.firebaseui:firebase-ui-auth:4.3.1] AndroidManifest.xml:33:9-37:61
121            android:name="com.firebase.ui.auth.ui.credentials.CredentialSaveActivity"
121-->[com.firebaseui:firebase-ui-auth:4.3.1] AndroidManifest.xml:34:13-86
122            android:exported="false"
122-->[com.firebaseui:firebase-ui-auth:4.3.1] AndroidManifest.xml:35:13-37
123            android:label=""
123-->[com.firebaseui:firebase-ui-auth:4.3.1] AndroidManifest.xml:36:13-29
124            android:theme="@style/FirebaseUI.Transparent" />
124-->[com.firebaseui:firebase-ui-auth:4.3.1] AndroidManifest.xml:37:13-58
125        <activity
125-->[com.firebaseui:firebase-ui-auth:4.3.1] AndroidManifest.xml:38:9-42:58
126            android:name="com.firebase.ui.auth.ui.email.RecoverPasswordActivity"
126-->[com.firebaseui:firebase-ui-auth:4.3.1] AndroidManifest.xml:39:13-81
127            android:exported="false"
127-->[com.firebaseui:firebase-ui-auth:4.3.1] AndroidManifest.xml:40:13-37
128            android:label="@string/fui_title_recover_password_activity"
128-->[com.firebaseui:firebase-ui-auth:4.3.1] AndroidManifest.xml:41:13-72
129            android:windowSoftInputMode="adjustResize" />
129-->[com.firebaseui:firebase-ui-auth:4.3.1] AndroidManifest.xml:42:13-55
130        <activity
130-->[com.firebaseui:firebase-ui-auth:4.3.1] AndroidManifest.xml:43:9-47:58
131            android:name="com.firebase.ui.auth.ui.email.EmailActivity"
131-->[com.firebaseui:firebase-ui-auth:4.3.1] AndroidManifest.xml:44:13-71
132            android:exported="false"
132-->[com.firebaseui:firebase-ui-auth:4.3.1] AndroidManifest.xml:45:13-37
133            android:label="@string/fui_sign_in_default"
133-->[com.firebaseui:firebase-ui-auth:4.3.1] AndroidManifest.xml:46:13-56
134            android:windowSoftInputMode="adjustResize" />
134-->[com.firebaseui:firebase-ui-auth:4.3.1] AndroidManifest.xml:47:13-55
135        <activity
135-->[com.firebaseui:firebase-ui-auth:4.3.1] AndroidManifest.xml:48:9-52:77
136            android:name="com.firebase.ui.auth.ui.phone.PhoneActivity"
136-->[com.firebaseui:firebase-ui-auth:4.3.1] AndroidManifest.xml:49:13-71
137            android:exported="false"
137-->[com.firebaseui:firebase-ui-auth:4.3.1] AndroidManifest.xml:50:13-37
138            android:label="@string/fui_sign_in_with_phone_number"
138-->[com.firebaseui:firebase-ui-auth:4.3.1] AndroidManifest.xml:51:13-66
139            android:windowSoftInputMode="adjustResize|stateAlwaysVisible" />
139-->[com.firebaseui:firebase-ui-auth:4.3.1] AndroidManifest.xml:52:13-74
140        <activity
140-->[com.firebaseui:firebase-ui-auth:4.3.1] AndroidManifest.xml:53:9-57:58
141            android:name="com.firebase.ui.auth.ui.idp.WelcomeBackIdpPrompt"
141-->[com.firebaseui:firebase-ui-auth:4.3.1] AndroidManifest.xml:54:13-76
142            android:exported="false"
142-->[com.firebaseui:firebase-ui-auth:4.3.1] AndroidManifest.xml:55:13-37
143            android:label="@string/fui_title_welcome_back_idp_prompt"
143-->[com.firebaseui:firebase-ui-auth:4.3.1] AndroidManifest.xml:56:13-70
144            android:windowSoftInputMode="adjustResize" />
144-->[com.firebaseui:firebase-ui-auth:4.3.1] AndroidManifest.xml:57:13-55
145        <activity
145-->[com.firebaseui:firebase-ui-auth:4.3.1] AndroidManifest.xml:58:9-62:58
146            android:name="com.firebase.ui.auth.ui.email.WelcomeBackPasswordPrompt"
146-->[com.firebaseui:firebase-ui-auth:4.3.1] AndroidManifest.xml:59:13-83
147            android:exported="false"
147-->[com.firebaseui:firebase-ui-auth:4.3.1] AndroidManifest.xml:60:13-37
148            android:label="@string/fui_title_welcome_back_password_prompt"
148-->[com.firebaseui:firebase-ui-auth:4.3.1] AndroidManifest.xml:61:13-75
149            android:windowSoftInputMode="adjustResize" />
149-->[com.firebaseui:firebase-ui-auth:4.3.1] AndroidManifest.xml:62:13-55
150        <activity
150-->[com.firebaseui:firebase-ui-auth:4.3.1] AndroidManifest.xml:63:9-67:58
151            android:name="com.firebase.ui.auth.ui.email.WelcomeBackEmailLinkPrompt"
151-->[com.firebaseui:firebase-ui-auth:4.3.1] AndroidManifest.xml:64:13-84
152            android:exported="false"
152-->[com.firebaseui:firebase-ui-auth:4.3.1] AndroidManifest.xml:65:13-37
153            android:label="@string/fui_title_welcome_back_password_prompt"
153-->[com.firebaseui:firebase-ui-auth:4.3.1] AndroidManifest.xml:66:13-75
154            android:windowSoftInputMode="adjustResize" />
154-->[com.firebaseui:firebase-ui-auth:4.3.1] AndroidManifest.xml:67:13-55
155        <activity
155-->[com.firebaseui:firebase-ui-auth:4.3.1] AndroidManifest.xml:68:9-73:58
156            android:name="com.firebase.ui.auth.ui.email.EmailLinkCatcherActivity"
156-->[com.firebaseui:firebase-ui-auth:4.3.1] AndroidManifest.xml:69:13-82
157            android:exported="false"
157-->[com.firebaseui:firebase-ui-auth:4.3.1] AndroidManifest.xml:70:13-37
158            android:label=""
158-->[com.firebaseui:firebase-ui-auth:4.3.1] AndroidManifest.xml:71:13-29
159            android:theme="@style/FirebaseUI.Transparent"
159-->[com.firebaseui:firebase-ui-auth:4.3.1] AndroidManifest.xml:72:13-58
160            android:windowSoftInputMode="adjustResize" />
160-->[com.firebaseui:firebase-ui-auth:4.3.1] AndroidManifest.xml:73:13-55
161        <activity
161-->[com.firebaseui:firebase-ui-auth:4.3.1] AndroidManifest.xml:74:9-78:58
162            android:name="com.firebase.ui.auth.ui.email.EmailLinkErrorRecoveryActivity"
162-->[com.firebaseui:firebase-ui-auth:4.3.1] AndroidManifest.xml:75:13-88
163            android:exported="false"
163-->[com.firebaseui:firebase-ui-auth:4.3.1] AndroidManifest.xml:76:13-37
164            android:label="@string/fui_sign_in_default"
164-->[com.firebaseui:firebase-ui-auth:4.3.1] AndroidManifest.xml:77:13-56
165            android:windowSoftInputMode="adjustResize" />
165-->[com.firebaseui:firebase-ui-auth:4.3.1] AndroidManifest.xml:78:13-55
166        <activity
166-->[com.firebaseui:firebase-ui-auth:4.3.1] AndroidManifest.xml:79:9-82:65
167            android:name="com.firebase.ui.auth.ui.idp.AuthMethodPickerActivity"
167-->[com.firebaseui:firebase-ui-auth:4.3.1] AndroidManifest.xml:80:13-80
168            android:exported="false"
168-->[com.firebaseui:firebase-ui-auth:4.3.1] AndroidManifest.xml:81:13-37
169            android:label="@string/fui_default_toolbar_title" />
169-->[com.firebaseui:firebase-ui-auth:4.3.1] AndroidManifest.xml:82:13-62
170        <activity
170-->[com.firebaseui:firebase-ui-auth:4.3.1] AndroidManifest.xml:83:9-87:48
171            android:name="com.facebook.FacebookActivity"
171-->[com.firebaseui:firebase-ui-auth:4.3.1] AndroidManifest.xml:84:13-57
172            android:configChanges="keyboard|keyboardHidden|screenLayout|screenSize|orientation"
172-->[com.firebaseui:firebase-ui-auth:4.3.1] AndroidManifest.xml:85:13-96
173            android:label="@string/app_name"
173-->[com.firebaseui:firebase-ui-auth:4.3.1] AndroidManifest.xml:86:13-45
174            android:theme="@style/com_facebook_activity_theme" />
174-->[com.facebook.android:facebook-common:5.5.1] AndroidManifest.xml:32:13-63
175        <activity
175-->[com.firebaseui:firebase-ui-auth:4.3.1] AndroidManifest.xml:88:9-100:20
176            android:name="com.facebook.CustomTabActivity"
176-->[com.firebaseui:firebase-ui-auth:4.3.1] AndroidManifest.xml:89:13-58
177            android:exported="true" >
177-->[com.firebaseui:firebase-ui-auth:4.3.1] AndroidManifest.xml:90:13-36
178            <intent-filter>
178-->[com.firebaseui:firebase-ui-auth:4.3.1] AndroidManifest.xml:92:13-99:29
179                <action android:name="android.intent.action.VIEW" />
179-->[com.firebaseui:firebase-ui-auth:4.3.1] AndroidManifest.xml:93:17-69
179-->[com.firebaseui:firebase-ui-auth:4.3.1] AndroidManifest.xml:93:25-66
180
181                <category android:name="android.intent.category.DEFAULT" />
181-->[com.firebaseui:firebase-ui-auth:4.3.1] AndroidManifest.xml:95:17-76
181-->[com.firebaseui:firebase-ui-auth:4.3.1] AndroidManifest.xml:95:27-73
182                <category android:name="android.intent.category.BROWSABLE" />
182-->[com.firebaseui:firebase-ui-auth:4.3.1] AndroidManifest.xml:96:17-78
182-->[com.firebaseui:firebase-ui-auth:4.3.1] AndroidManifest.xml:96:27-75
183
184                <data android:scheme="@string/facebook_login_protocol_scheme" />
184-->[com.firebaseui:firebase-ui-auth:4.3.1] AndroidManifest.xml:98:17-81
184-->[com.firebaseui:firebase-ui-auth:4.3.1] AndroidManifest.xml:98:23-78
185            </intent-filter>
186        </activity>
187
188        <provider
188-->[com.firebaseui:firebase-ui-auth:4.3.1] AndroidManifest.xml:102:9-106:38
189            android:name="com.firebase.ui.auth.data.client.AuthUiInitProvider"
189-->[com.firebaseui:firebase-ui-auth:4.3.1] AndroidManifest.xml:103:13-79
190            android:authorities="com.enr.Universal_Library.authuiinitprovider"
190-->[com.firebaseui:firebase-ui-auth:4.3.1] AndroidManifest.xml:104:13-70
191            android:exported="false"
191-->[com.firebaseui:firebase-ui-auth:4.3.1] AndroidManifest.xml:105:13-37
192            android:initOrder="90" />
192-->[com.firebaseui:firebase-ui-auth:4.3.1] AndroidManifest.xml:106:13-35
193
194        <activity
194-->[com.google.firebase:firebase-auth:19.3.1] AndroidManifest.xml:24:9-31:50
195            android:name="com.google.firebase.auth.internal.FederatedSignInActivity"
195-->[com.google.firebase:firebase-auth:19.3.1] AndroidManifest.xml:25:13-85
196            android:excludeFromRecents="true"
196-->[com.google.firebase:firebase-auth:19.3.1] AndroidManifest.xml:26:13-46
197            android:exported="true"
197-->[com.google.firebase:firebase-auth:19.3.1] AndroidManifest.xml:27:13-36
198            android:launchMode="singleTask"
198-->[com.google.firebase:firebase-auth:19.3.1] AndroidManifest.xml:28:13-44
199            android:permission="com.google.firebase.auth.api.gms.permission.LAUNCH_FEDERATED_SIGN_IN"
199-->[com.google.firebase:firebase-auth:19.3.1] AndroidManifest.xml:29:13-102
200            android:theme="@android:style/Theme.Translucent.NoTitleBar" />
200-->[com.google.firebase:firebase-auth:19.3.1] AndroidManifest.xml:30:13-72
201        <activity
201-->[:url_launcher] AndroidManifest.xml:8:9-11:74
202            android:name="io.flutter.plugins.urllauncher.WebViewActivity"
202-->[:url_launcher] AndroidManifest.xml:9:13-74
203            android:exported="false"
203-->[:url_launcher] AndroidManifest.xml:10:13-37
204            android:theme="@android:style/Theme.NoTitleBar.Fullscreen" />
204-->[:url_launcher] AndroidManifest.xml:11:13-71
205
206        <receiver
206-->[com.google.android.gms:play-services-measurement:17.2.2] AndroidManifest.xml:29:9-33:20
207            android:name="com.google.android.gms.measurement.AppMeasurementReceiver"
207-->[com.google.android.gms:play-services-measurement:17.2.2] AndroidManifest.xml:30:13-85
208            android:enabled="true"
208-->[com.google.android.gms:play-services-measurement:17.2.2] AndroidManifest.xml:31:13-35
209            android:exported="false" >
209-->[com.google.android.gms:play-services-measurement:17.2.2] AndroidManifest.xml:32:13-37
210        </receiver>
211        <receiver
211-->[com.google.android.gms:play-services-measurement:17.2.2] AndroidManifest.xml:34:9-42:20
212            android:name="com.google.android.gms.measurement.AppMeasurementInstallReferrerReceiver"
212-->[com.google.android.gms:play-services-measurement:17.2.2] AndroidManifest.xml:35:13-100
213            android:enabled="true"
213-->[com.google.android.gms:play-services-measurement:17.2.2] AndroidManifest.xml:36:13-35
214            android:exported="true"
214-->[com.google.android.gms:play-services-measurement:17.2.2] AndroidManifest.xml:37:13-36
215            android:permission="android.permission.INSTALL_PACKAGES" >
215-->[com.google.android.gms:play-services-measurement:17.2.2] AndroidManifest.xml:38:13-69
216            <intent-filter>
216-->[com.google.android.gms:play-services-measurement:17.2.2] AndroidManifest.xml:39:13-41:29
217                <action android:name="com.android.vending.INSTALL_REFERRER" />
217-->[com.google.android.gms:play-services-measurement:17.2.2] AndroidManifest.xml:40:17-79
217-->[com.google.android.gms:play-services-measurement:17.2.2] AndroidManifest.xml:40:25-76
218            </intent-filter>
219        </receiver>
220
221        <service
221-->[com.google.android.gms:play-services-measurement:17.2.2] AndroidManifest.xml:44:9-47:40
222            android:name="com.google.android.gms.measurement.AppMeasurementService"
222-->[com.google.android.gms:play-services-measurement:17.2.2] AndroidManifest.xml:45:13-84
223            android:enabled="true"
223-->[com.google.android.gms:play-services-measurement:17.2.2] AndroidManifest.xml:46:13-35
224            android:exported="false" />
224-->[com.google.android.gms:play-services-measurement:17.2.2] AndroidManifest.xml:47:13-37
225        <service
225-->[com.google.android.gms:play-services-measurement:17.2.2] AndroidManifest.xml:48:9-52:72
226            android:name="com.google.android.gms.measurement.AppMeasurementJobService"
226-->[com.google.android.gms:play-services-measurement:17.2.2] AndroidManifest.xml:49:13-87
227            android:enabled="true"
227-->[com.google.android.gms:play-services-measurement:17.2.2] AndroidManifest.xml:50:13-35
228            android:exported="false"
228-->[com.google.android.gms:play-services-measurement:17.2.2] AndroidManifest.xml:51:13-37
229            android:permission="android.permission.BIND_JOB_SERVICE" />
229-->[com.google.android.gms:play-services-measurement:17.2.2] AndroidManifest.xml:52:13-69
230
231        <activity
231-->[com.google.android.gms:play-services-auth:16.0.1] AndroidManifest.xml:23:9-27:75
232            android:name="com.google.android.gms.auth.api.signin.internal.SignInHubActivity"
232-->[com.google.android.gms:play-services-auth:16.0.1] AndroidManifest.xml:24:13-93
233            android:excludeFromRecents="true"
233-->[com.google.android.gms:play-services-auth:16.0.1] AndroidManifest.xml:25:13-46
234            android:exported="false"
234-->[com.google.android.gms:play-services-auth:16.0.1] AndroidManifest.xml:26:13-37
235            android:theme="@android:style/Theme.Translucent.NoTitleBar" />
235-->[com.google.android.gms:play-services-auth:16.0.1] AndroidManifest.xml:27:13-72
236        <!--
237            Service handling Google Sign-In user revocation. For apps that do not integrate with
238            Google Sign-In, this service will never be started.
239        -->
240        <service
240-->[com.google.android.gms:play-services-auth:16.0.1] AndroidManifest.xml:33:9-36:110
241            android:name="com.google.android.gms.auth.api.signin.RevocationBoundService"
241-->[com.google.android.gms:play-services-auth:16.0.1] AndroidManifest.xml:34:13-89
242            android:exported="true"
242-->[com.google.android.gms:play-services-auth:16.0.1] AndroidManifest.xml:35:13-36
243            android:permission="com.google.android.gms.auth.api.signin.permission.REVOCATION_NOTIFICATION" />
243-->[com.google.android.gms:play-services-auth:16.0.1] AndroidManifest.xml:36:13-107
244
245        <receiver
245-->[com.google.firebase:firebase-iid:20.0.2] AndroidManifest.xml:37:9-44:20
246            android:name="com.google.firebase.iid.FirebaseInstanceIdReceiver"
246-->[com.google.firebase:firebase-iid:20.0.2] AndroidManifest.xml:38:13-78
247            android:exported="true"
247-->[com.google.firebase:firebase-iid:20.0.2] AndroidManifest.xml:39:13-36
248            android:permission="com.google.android.c2dm.permission.SEND" >
248-->[com.google.firebase:firebase-iid:20.0.2] AndroidManifest.xml:40:13-73
249            <intent-filter>
249-->[com.google.firebase:firebase-iid:20.0.2] AndroidManifest.xml:41:13-43:29
250                <action android:name="com.google.android.c2dm.intent.RECEIVE" />
250-->[com.google.firebase:firebase-iid:20.0.2] AndroidManifest.xml:42:17-81
250-->[com.google.firebase:firebase-iid:20.0.2] AndroidManifest.xml:42:25-78
251            </intent-filter>
252        </receiver>
253
254        <activity
254-->[com.google.android.gms:play-services-base:17.2.1] AndroidManifest.xml:23:9-26:75
255            android:name="com.google.android.gms.common.api.GoogleApiActivity"